# JRE version: OpenJDK Runtime Environment Temurin-17.0.7+7 (17.0.7+7) (build 17.0.7+7)
# Java VM: OpenJDK 64-Bit Server VM Temurin-17.0.7+7 (17.0.7+7, mixed mode, emulated-client, tiered, compressed oops, compressed class ptrs, g1 gc, windows-amd64)
GC Precious Log:
 CPUs: 8 total, 8 available
 Memory: 7968M
 Large Page Support: Disabled
 NUMA Support: Disabled
 Compressed Oops: Enabled (32-bit)
 Heap Region Size: 1M
 Heap Min Capacity: 8M
 Heap Initial Capacity: 126M
 Heap Max Capacity: 1994M
 Pre-touch: Disabled
 Parallel Workers: 8
 Concurrent Workers: 2
 Concurrent Refinement Workers: 8
 Periodic GC: Disabled
Heap:
 garbage-first heap   total 58368K, used 34931K [0x0000000083600000, 0x0000000100000000)
  region size 1024K, 12 young (12288K), 2 survivors (2048K)
 Metaspace       used 62485K, committed 63040K, reserved 1114112K
  class space    used 8467K, committed 8704K, reserved 1048576K
GC Heap History (20 events):
Event: 34.756 GC heap before
{Heap before GC invocations=37 (full 1):
 garbage-first heap   total 58368K, used 44574K [0x0000000083600000, 0x0000000100000000)
  region size 1024K, 21 young (21504K), 2 survivors (2048K)
 Metaspace       used 61484K, committed 61952K, reserved 1114112K
  class space    used 8338K, committed 8576K, reserved 1048576K
}
Event: 34.758 GC heap after
{Heap after GC invocations=38 (full 1):
 garbage-first heap   total 58368K, used 26342K [0x0000000083600000, 0x0000000100000000)
  region size 1024K, 3 young (3072K), 3 survivors (3072K)
 Metaspace       used 61484K, committed 61952K, reserved 1114112K
  class space    used 8338K, committed 8576K, reserved 1048576K
}
Event: 57.507 GC heap before
{Heap before GC invocations=38 (full 1):
 garbage-first heap   total 58368K, used 43750K [0x0000000083600000, 0x0000000100000000)
  region size 1024K, 21 young (21504K), 3 survivors (3072K)
 Metaspace       used 61774K, committed 62272K, reserved 1114112K
  class space    used 8391K, committed 8640K, reserved 1048576K
}
Event: 57.511 GC heap after
{Heap after GC invocations=39 (full 1):
 garbage-first heap   total 58368K, used 27697K [0x0000000083600000, 0x0000000100000000)
  region size 1024K, 3 young (3072K), 3 survivors (3072K)
 Metaspace       used 61774K, committed 62272K, reserved 1114112K
  class space    used 8391K, committed 8640K, reserved 1048576K
}
Event: 57.947 GC heap before
{Heap before GC invocations=39 (full 1):
 garbage-first heap   total 58368K, used 45105K [0x0000000083600000, 0x0000000100000000)
  region size 1024K, 20 young (20480K), 3 survivors (3072K)
 Metaspace       used 61840K, committed 62336K, reserved 1114112K
  class space    used 8399K, committed 8640K, reserved 1048576K
}
Event: 57.950 GC heap after
{Heap after GC invocations=40 (full 1):
 garbage-first heap   total 58368K, used 28671K [0x0000000083600000, 0x0000000100000000)
  region size 1024K, 2 young (2048K), 2 survivors (2048K)
 Metaspace       used 61840K, committed 62336K, reserved 1114112K
  class space    used 8399K, committed 8640K, reserved 1048576K
}
Event: 58.272 GC heap before
{Heap before GC invocations=40 (full 1):
 garbage-first heap   total 58368K, used 46079K [0x0000000083600000, 0x0000000100000000)
  region size 1024K, 19 young (19456K), 2 survivors (2048K)
 Metaspace       used 62012K, committed 62464K, reserved 1114112K
  class space    used 8410K, committed 8640K, reserved 1048576K
}
Event: 58.275 GC heap after
{Heap after GC invocations=41 (full 1):
 garbage-first heap   total 58368K, used 29530K [0x0000000083600000, 0x0000000100000000)
  region size 1024K, 3 young (3072K), 3 survivors (3072K)
 Metaspace       used 62012K, committed 62464K, reserved 1114112K
  class space    used 8410K, committed 8640K, reserved 1048576K
}
Event: 58.592 GC heap before
{Heap before GC invocations=42 (full 1):
 garbage-first heap   total 58368K, used 45914K [0x0000000083600000, 0x0000000100000000)
  region size 1024K, 19 young (19456K), 3 survivors (3072K)
 Metaspace       used 62102K, committed 62592K, reserved 1114112K
  class space    used 8423K, committed 8640K, reserved 1048576K
}
Event: 58.596 GC heap after
{Heap after GC invocations=43 (full 1):
 garbage-first heap   total 58368K, used 31229K [0x0000000083600000, 0x0000000100000000)
  region size 1024K, 3 young (3072K), 3 survivors (3072K)
 Metaspace       used 62102K, committed 62592K, reserved 1114112K
  class space    used 8423K, committed 8640K, reserved 1048576K
}
Event: 58.608 GC heap before
{Heap before GC invocations=43 (full 1):
 garbage-first heap   total 58368K, used 32253K [0x0000000083600000, 0x0000000100000000)
  region size 1024K, 4 young (4096K), 3 survivors (3072K)
 Metaspace       used 62102K, committed 62592K, reserved 1114112K
  class space    used 8423K, committed 8640K, reserved 1048576K
}
Event: 58.611 GC heap after
{Heap after GC invocations=44 (full 1):
 garbage-first heap   total 58368K, used 29197K [0x0000000083600000, 0x0000000100000000)
  region size 1024K, 1 young (1024K), 1 survivors (1024K)
 Metaspace       used 62102K, committed 62592K, reserved 1114112K
  class space    used 8423K, committed 8640K, reserved 1048576K
}
Event: 62.534 GC heap before
{Heap before GC invocations=44 (full 1):
 garbage-first heap   total 58368K, used 35341K [0x0000000083600000, 0x0000000100000000)
  region size 1024K, 8 young (8192K), 1 survivors (1024K)
 Metaspace       used 62147K, committed 62656K, reserved 1114112K
  class space    used 8431K, committed 8640K, reserved 1048576K
}
Event: 62.595 GC heap after
{Heap after GC invocations=45 (full 2):
 garbage-first heap   total 58368K, used 21253K [0x0000000083600000, 0x0000000100000000)
  region size 1024K, 0 young (0K), 0 survivors (0K)
 Metaspace       used 62134K, committed 62656K, reserved 1114112K
  class space    used 8429K, committed 8640K, reserved 1048576K
}
Event: 63.250 GC heap before
{Heap before GC invocations=45 (full 2):
 garbage-first heap   total 58368K, used 42757K [0x0000000083600000, 0x0000000100000000)
  region size 1024K, 22 young (22528K), 0 survivors (0K)
 Metaspace       used 62210K, committed 62784K, reserved 1114112K
  class space    used 8442K, committed 8704K, reserved 1048576K
}
Event: 63.252 GC heap after
{Heap after GC invocations=46 (full 2):
 garbage-first heap   total 58368K, used 23101K [0x0000000083600000, 0x0000000100000000)
  region size 1024K, 2 young (2048K), 2 survivors (2048K)
 Metaspace       used 62210K, committed 62784K, reserved 1114112K
  class space    used 8442K, committed 8704K, reserved 1048576K
}
Event: 64.240 GC heap before
{Heap before GC invocations=46 (full 2):
 garbage-first heap   total 58368K, used 42557K [0x0000000083600000, 0x0000000100000000)
  region size 1024K, 22 young (22528K), 2 survivors (2048K)
 Metaspace       used 62355K, committed 62912K, reserved 1114112K
  class space    used 8454K, committed 8704K, reserved 1048576K
}
Event: 64.242 GC heap after
{Heap after GC invocations=47 (full 2):
 garbage-first heap   total 58368K, used 24708K [0x0000000083600000, 0x0000000100000000)
  region size 1024K, 2 young (2048K), 2 survivors (2048K)
 Metaspace       used 62355K, committed 62912K, reserved 1114112K
  class space    used 8454K, committed 8704K, reserved 1048576K
}
Event: 64.995 GC heap before
{Heap before GC invocations=47 (full 2):
 garbage-first heap   total 58368K, used 44164K [0x0000000083600000, 0x0000000100000000)
  region size 1024K, 21 young (21504K), 2 survivors (2048K)
 Metaspace       used 62464K, committed 62976K, reserved 1114112K
  class space    used 8463K, committed 8704K, reserved 1048576K
}
Event: 64.998 GC heap after
{Heap after GC invocations=48 (full 2):
 garbage-first heap   total 58368K, used 25715K [0x0000000083600000, 0x0000000100000000)
  region size 1024K, 2 young (2048K), 2 survivors (2048K)
 Metaspace       used 62464K, committed 62976K, reserved 1114112K
  class space    used 8463K, committed 8704K, reserved 1048576K
}

